Case #1: 19 20
Case #2: 023 023
Case #3: 0 0
Case #4: 05 00
Case #5: 811 395
Case #6: 99 99
Case #7: 818 818
Case #8: 308 310
Case #9: 019 050
Case #10: 003 004
Case #11: 000 000
Case #12: 019 040
Case #13: 95 95
Case #14: 029 060
Case #15: 093 098
Case #16: 199 199
Case #17: 058 058
Case #18: 039 080
Case #19: 497 500
Case #20: 087 087
Case #21: 060 029
Case #22: 88 93
Case #23: 99 99
Case #24: 120 089
Case #25: 051 051
Case #26: 397 401
Case #27: 059 090
Case #28: 90 99
Case #29: 00 00
Case #30: 093 875
Case #31: 09 90
Case #32: 910 909
Case #33: 289 322
Case #34: 005 005
Case #35: 992 988
Case #36: 900 900
Case #37: 505 505
Case #38: 426 424
Case #39: 009 006
Case #40: 069 100
Case #41: 5 5
Case #42: 90 90
Case #43: 397 760
Case #44: 772 769
Case #45: 747 752
Case #46: 951 951
Case #47: 05 05
Case #48: 181 181
Case #49: 001 001
Case #50: 098 098
Case #51: 909 910
Case #52: 879 904
Case #53: 629 633
Case #54: 065 065
Case #55: 049 090
Case #56: 110 079
Case #57: 250 250
Case #58: 971 971
Case #59: 99 95
Case #60: 050 019
Case #61: 306 099
Case #62: 185 185
Case #63: 095 801
Case #64: 490 490
Case #65: 599 801
Case #66: 154 154
Case #67: 159 161
Case #68: 0 0
Case #69: 99 99
Case #70: 009 005
Case #71: 248 245
Case #72: 99 99
Case #73: 099 130
Case #74: 703 707
Case #75: 934 938
Case #76: 05 09
Case #77: 080 080
Case #78: 809 809
Case #79: 092 079
Case #80: 049 080
Case #81: 094 094
Case #82: 09 09
Case #83: 056 053
Case #84: 950 195
Case #85: 5 5
Case #86: 019 060
Case #87: 500 500
Case #88: 002 002
Case #89: 990 044
Case #90: 089 120
Case #91: 00 00
Case #92: 00 00
Case #93: 810 458
Case #94: 099 909
Case #95: 036 110
Case #96: 599 601
Case #97: 730 727
Case #98: 9 9
Case #99: 99 99
Case #100: 009 050
Case #101: 00 05
Case #102: 070 029
Case #103: 040 009
Case #104: 0 0
Case #105: 090 059
Case #106: 100 099
Case #107: 982 099
Case #108: 982 982
Case #109: 090 049
Case #110: 022 022
Case #111: 99 99
Case #112: 080 039
Case #113: 400 196
Case #114: 99 09
Case #115: 960 960
Case #116: 05 05
Case #117: 93 88
Case #118: 993 988
Case #119: 05 05
Case #120: 263 263
Case #121: 009 040
Case #122: 10 09
Case #123: 110 065
Case #124: 050 009
Case #125: 200 200
Case #126: 990 909
Case #127: 010 009
Case #128: 09 09
Case #129: 007 009
Case #130: 09 05
Case #131: 000 000
Case #132: 461 461
Case #133: 208 099
Case #134: 169 213
Case #135: 100 069
Case #136: 10 05
Case #137: 130 099
Case #138: 800 699
Case #139: 039 070
Case #140: 646 629
Case #141: 140 095
Case #142: 740 745
Case #143: 320 320
Case #144: 299 322
Case #145: 060 019
Case #146: 792 792
Case #147: 05 05
Case #148: 920 889
Case #149: 909 990
Case #150: 000 000
Case #151: 109 089
Case #152: 473 500
Case #153: 99 99
Case #154: 499 500
Case #155: 037 037
Case #156: 09 09
Case #157: 988 993
Case #158: 00 00
Case #159: 080 049
Case #160: 079 110
Case #161: 102 098
Case #162: 721 679
Case #163: 092 093
Case #164: 090 090
Case #165: 199 605
Case #166: 802 299
Case #167: 070 039
Case #168: 039 039
Case #169: 9 9
Case #170: 00 00
Case #171: 90 90
Case #172: 029 070
Case #173: 99 90
Case #174: 524 700
Case #175: 098 093
Case #176: 95 95
Case #177: 09 99
Case #178: 047 047
Case #179: 00 00
Case #180: 90 90
Case #181: 224 250
Case #182: 988 992
Case #183: 860 099
Case #184: 95 99
Case #185: 09 10
Case #186: 700 619
Case #187: 90 90
Case #188: 099 100
Case #189: 089 089
Case #190: 404 404
Case #191: 807 810
Case #192: 09 09
Case #193: 317 317
Case #194: 05 10
Case #195: 050 050
Case #196: 00 00
Case #197: 400 401
Case #198: 99 99
Case #199: 90 09
Case #200: 420 424
