0
0
0
4
4
-2
0
4
2
-9
16
59
59
56
59
59
56
65
84
52
90
90
51
100
100
100
100
81
110
89
114
60
101
53
77
88
135
67
138
152
67
126
84
72
84
84
166
163
99
79
96
155
160
157
160
157
79
163
104
168
174
174
91
174
174
174
174
171
117
121
67
155
178
117
171
171
171
111
166
106
143
77
107
109
166
152
63
159
159
99
151
151
112
161
178
182
146
182
120
207
207
119
167
207
219
186
82
208
221
145
221
174
209
221
221
211
82
183
223
127
259
194
264
220
269
253
267
238
270
281
270
270
319
287
91
282
327
218
231
252
327
270
321
321
321
230
311
215
120
230
337
266
352
352
301
165
325
319
274
235
347
308
241
253
367
367
308
46
296
304
362
73
94
309
266
315
327
325
286
263
389
389
338
337
344
404
14
290
417
344
432
432
347
333
229
445
438
313
438
294
379
238
464
326
377
260
458
458
373
413
458
458
458
458
458
458
365
60
66
325
192
453
442
63
483
360
373
483
483
483
292
77
495
454
77
362
376
308
376
376
514
514
520
14
333
520
386
132
13
441
536
384
323
418
400
90
418
223
243
450
338
422
396
373
572
368
392
410
572
407
552
572
572
95
365
365
461
540
421
581
473
408
424
460
592
596
596
610
337
610
587
599
599
600
615
498
400
624
429
624
624
85
426
218
624
507
624
533
513
624
474
620
503
295
351
442
5
486
411
375
346
624
411
538
472
323
624
257
613
458
438
629
76
620
58
117
501
623
429
504
303
139
536
503
458
482
528
619
494
586
573
626
548
429
626
332
573
490
266
270
469
452
91
572
142
620
447
620
572
168
478
292
523
471
523
500
533
116
228
482
533
598
598
256
344
628
606
353
399
540
628
639
547
637
512
560
623
339
566
559
634
235
634
633
657
511
186
366
652
58
652
659
509
545
652
652
652
341
516
649
460
545
656
656
228
629
545
674
14
672
228
672
672
672
672
517
396
470
670
670
236
571
529
500
181
560
702
436
707
660
707
707
707
645
610
716
90
586
716
711
596
725
667
725
390
725
597
127
76
725
597
725
725
597
566
723
723
154
723
597
597
665
153
390
581
726
700
616
723
723
715
641
641
667
142
581
669
729
640
614
733
640
733
733
733
733
191
733
500
687
657
563
726
